2025-08-05 09:47:23 INFO  [CalendarApplicationTests] - Starting CalendarApplicationTests using Java 21.0.7 with PID 13600 (started by Class02 in C:\kkh\spring_boot\pjt_intellij\calendar\calendar)
2025-08-05 09:47:23 INFO  [CalendarApplicationTests] - No active profile set, falling back to 1 default profile: "default"
2025-08-05 09:48:44 INFO  [CalendarApplicationTests] - Starting CalendarApplicationTests using Java 21.0.7 with PID 11312 (started by Class02 in C:\kkh\spring_boot\pjt_intellij\calendar\calendar)
2025-08-05 09:48:44 INFO  [CalendarApplicationTests] - No active profile set, falling back to 1 default profile: "default"
2025-08-05 09:53:06 INFO  [CalendarApplicationTests] - Starting CalendarApplicationTests using Java 21.0.7 with PID 3488 (started by Class02 in C:\kkh\spring_boot\pjt_intellij\calendar\calendar)
2025-08-05 09:53:06 INFO  [CalendarApplicationTests] - No active profile set, falling back to 1 default profile: "default"
2025-08-05 09:58:51 INFO  [CalendarApplicationTests] - Starting CalendarApplicationTests using Java 21.0.7 with PID 6160 (started by Class02 in C:\kkh\spring_boot\pjt_intellij\calendar\calendar)
2025-08-05 09:58:51 INFO  [CalendarApplicationTests] - No active profile set, falling back to 1 default profile: "default"
2025-08-05 10:09:50 INFO  [CalendarApplicationTests] - Starting CalendarApplicationTests using Java 21.0.7 with PID 10700 (started by Class02 in C:\kkh\spring_boot\pjt_intellij\calendar\calendar)
2025-08-05 10:09:50 INFO  [CalendarApplicationTests] - No active profile set, falling back to 1 default profile: "default"
2025-08-05 10:23:17 INFO  [CalendarApplicationTests] - Starting CalendarApplicationTests using Java 21.0.7 with PID 7808 (started by Class02 in C:\kkh\spring_boot\pjt_intellij\calendar\calendar)
2025-08-05 10:23:17 INFO  [CalendarApplicationTests] - No active profile set, falling back to 1 default profile: "default"
2025-08-05 10:23:23 INFO  [CalendarApplicationTests] - Started CalendarApplicationTests in 7.003 seconds (process running for 8.596)
2025-08-05 10:31:44 INFO  [CalendarApplicationTests] - Starting CalendarApplicationTests using Java 21.0.7 with PID 5468 (started by Class02 in C:\kkh\spring_boot\pjt_intellij\calendar\calendar)
2025-08-05 10:31:44 INFO  [CalendarApplicationTests] - No active profile set, falling back to 1 default profile: "default"
2025-08-05 10:31:50 INFO  [CalendarApplicationTests] - Started CalendarApplicationTests in 6.867 seconds (process running for 8.547)
2025-08-05 10:47:15 INFO  [CalendarApplicationTests] - Starting CalendarApplicationTests using Java 21.0.7 with PID 9464 (started by Class02 in C:\kkh\spring_boot\pjt_intellij\calendar\calendar)
2025-08-05 10:47:15 INFO  [CalendarApplicationTests] - No active profile set, falling back to 1 default profile: "default"
2025-08-05 10:47:21 INFO  [CalendarApplicationTests] - Started CalendarApplicationTests in 6.351 seconds (process running for 7.981)
2025-08-05 10:52:42 INFO  [CalendarApplicationTests] - Starting CalendarApplicationTests using Java 21.0.7 with PID 5868 (started by Class02 in C:\kkh\spring_boot\pjt_intellij\calendar\calendar)
2025-08-05 10:52:42 INFO  [CalendarApplicationTests] - No active profile set, falling back to 1 default profile: "default"
2025-08-05 10:52:48 INFO  [CalendarApplicationTests] - Started CalendarApplicationTests in 6.41 seconds (process running for 8.048)
2025-08-05 11:03:19 INFO  [CalendarApplicationTests] - Starting CalendarApplicationTests using Java 21.0.7 with PID 9068 (started by Class02 in C:\kkh\spring_boot\pjt_intellij\calendar\calendar)
2025-08-05 11:03:19 INFO  [CalendarApplicationTests] - No active profile set, falling back to 1 default profile: "default"
2025-08-05 11:03:24 INFO  [CalendarApplicationTests] - Started CalendarApplicationTests in 5.875 seconds (process running for 7.485)
2025-08-05 11:06:45 INFO  [CalendarApplicationTests] - Starting CalendarApplicationTests using Java 21.0.7 with PID 4076 (started by Class02 in C:\kkh\spring_boot\pjt_intellij\calendar\calendar)
2025-08-05 11:06:45 INFO  [CalendarApplicationTests] - No active profile set, falling back to 1 default profile: "default"
2025-08-05 11:06:51 INFO  [CalendarApplicationTests] - Started CalendarApplicationTests in 5.586 seconds (process running for 7.189)
2025-08-05 11:34:04 INFO  [CalendarApplicationTests] - Starting CalendarApplicationTests using Java 21.0.7 with PID 13120 (started by Class02 in C:\kkh\spring_boot\pjt_intellij\calendar\calendar)
2025-08-05 11:34:04 INFO  [CalendarApplicationTests] - No active profile set, falling back to 1 default profile: "default"
2025-08-05 11:34:09 INFO  [CalendarApplicationTests] - Started CalendarApplicationTests in 5.684 seconds (process running for 7.318)
2025-08-05 14:15:52 INFO  [CalendarApplicationTests] - Starting CalendarApplicationTests using Java 21.0.7 with PID 1876 (started by Class02 in C:\kkh\spring_boot\pjt_intellij\calendar\calendar)
2025-08-05 14:15:52 INFO  [CalendarApplicationTests] - The following 1 profile is active: "local"
2025-08-05 14:15:57 INFO  [CalendarApplicationTests] - Started CalendarApplicationTests in 5.457 seconds (process running for 7.017)
2025-08-05 14:33:10 INFO  [CalendarApplicationTests] - Starting CalendarApplicationTests using Java 21.0.7 with PID 16204 (started by Class02 in C:\kkh\spring_boot\pjt_intellij\calendar\calendar)
2025-08-05 14:33:10 INFO  [CalendarApplicationTests] - The following 1 profile is active: "local"
2025-08-05 14:33:15 INFO  [CalendarApplicationTests] - Started CalendarApplicationTests in 5.387 seconds (process running for 6.977)
2025-08-05 14:35:52 INFO  [CalendarApplicationTests] - Starting CalendarApplicationTests using Java 21.0.7 with PID 2936 (started by Class02 in C:\kkh\spring_boot\pjt_intellij\calendar\calendar)
2025-08-05 14:35:52 INFO  [CalendarApplicationTests] - The following 1 profile is active: "local"
2025-08-05 14:35:58 INFO  [CalendarApplicationTests] - Started CalendarApplicationTests in 5.504 seconds (process running for 7.105)
2025-08-05 14:36:29 INFO  [CalendarApplicationTests] - Starting CalendarApplicationTests using Java 21.0.7 with PID 900 (started by Class02 in C:\kkh\spring_boot\pjt_intellij\calendar\calendar)
2025-08-05 14:36:29 INFO  [CalendarApplicationTests] - The following 1 profile is active: "dev"
2025-08-05 14:39:18 INFO  [CalendarApplicationTests] - Starting CalendarApplicationTests using Java 21.0.7 with PID 10208 (started by Class02 in C:\kkh\spring_boot\pjt_intellij\calendar\calendar)
2025-08-05 14:39:18 INFO  [CalendarApplicationTests] - The following 1 profile is active: "dev"
2025-08-05 14:39:30 INFO  [CalendarApplicationTests] - Started CalendarApplicationTests in 12.137 seconds (process running for 14.087)
2025-08-05 14:46:19 INFO  [CalendarApplicationTests] - Starting CalendarApplicationTests using Java 21.0.7 with PID 15664 (started by Class02 in C:\kkh\spring_boot\pjt_intellij\calendar\calendar)
2025-08-05 14:46:19 INFO  [CalendarApplicationTests] - The following 1 profile is active: "pord"
2025-08-05 14:46:39 INFO  [CalendarApplicationTests] - Starting CalendarApplicationTests using Java 21.0.7 with PID 9988 (started by Class02 in C:\kkh\spring_boot\pjt_intellij\calendar\calendar)
2025-08-05 14:46:39 INFO  [CalendarApplicationTests] - The following 1 profile is active: "pord"
2025-08-05 14:47:12 INFO  [CalendarApplicationTests] - Starting CalendarApplicationTests using Java 21.0.7 with PID 16180 (started by Class02 in C:\kkh\spring_boot\pjt_intellij\calendar\calendar)
2025-08-05 14:47:12 INFO  [CalendarApplicationTests] - The following 1 profile is active: "pord"
2025-08-05 14:50:24 INFO  [CalendarApplicationTests] - Starting CalendarApplicationTests using Java 21.0.7 with PID 9540 (started by Class02 in C:\kkh\spring_boot\pjt_intellij\calendar\calendar)
2025-08-05 14:50:24 INFO  [CalendarApplicationTests] - The following 1 profile is active: "prod"
2025-08-05 14:51:24 INFO  [CalendarApplicationTests] - Starting CalendarApplicationTests using Java 21.0.7 with PID 1356 (started by Class02 in C:\kkh\spring_boot\pjt_intellij\calendar\calendar)
2025-08-05 14:51:24 INFO  [CalendarApplicationTests] - The following 1 profile is active: "prod"
2025-08-05 14:51:30 INFO  [CalendarApplicationTests] - Started CalendarApplicationTests in 6.59 seconds (process running for 8.24)
2025-08-05 15:04:18 INFO  [CalendarApplicationTests] - Starting CalendarApplicationTests using Java 21.0.7 with PID 3612 (started by Class02 in C:\kkh\spring_boot\pjt_intellij\calendar\calendar)
2025-08-05 15:04:18 INFO  [CalendarApplicationTests] - The following 1 profile is active: "local"
2025-08-05 15:04:24 INFO  [CalendarApplicationTests] - Started CalendarApplicationTests in 6.484 seconds (process running for 8.142)
